[2025-02-20 20:56:33] local.DEBUG: [{"id":4,"name":"ISO 14001","instructor_id":29,"description":"Environmental Management Systems (EMS) for improving environmental performance.","training_stage_id":1,"created_at":"2025-01-02T03:32:43.000000Z","updated_at":"2025-01-02T03:32:43.000000Z","banner_image":"training_classes\/jsJPrDz87DWWJ2PKSxW04CkoAQozUXvFiIfhzsQz.png"},{"id":5,"name":"IATF 16949","instructor_id":29,"description":"Quality management system for the automotive industry, focused on continuous improvement and defect prevention.","training_stage_id":1,"created_at":"2025-01-02T03:34:43.000000Z","updated_at":"2025-01-02T03:34:43.000000Z","banner_image":"training_classes\/HzQj8SgiEqSxsOM5a6RzKM2VbYdDfVECqXceT4L3.png"},{"id":6,"name":"ISO 9001","instructor_id":29,"description":"Quality management system standard for ensuring customer satisfaction and regulatory compliance.","training_stage_id":1,"created_at":"2025-01-02T03:35:11.000000Z","updated_at":"2025-01-02T03:35:11.000000Z","banner_image":"training_classes\/K106lgNzmqwCltWQTJxXXpxtXhzJaBZm8eimJ1Bc.png"},{"id":7,"name":"Basic Safety","instructor_id":27,"description":"Essential safety training for workplace and employee protection.","training_stage_id":1,"created_at":"2025-01-02T03:35:32.000000Z","updated_at":"2025-01-02T03:35:32.000000Z","banner_image":"training_classes\/uVjDDba6RFqDUgaRfkAHxJeBwIG0UTNlmKX5Wii0.png"},{"id":8,"name":"Safety Riding","instructor_id":27,"description":"Training focused on safe riding practices to prevent accidents.","training_stage_id":1,"created_at":"2025-01-02T03:35:51.000000Z","updated_at":"2025-01-02T03:35:51.000000Z","banner_image":"training_classes\/4CKE9R0vfBWGdGNKFO95pedSybdBq4vwuZW5Pj1d.png"},{"id":9,"name":"Company Profile","instructor_id":27,"description":"Overview of the company's history, mission, and offerings.","training_stage_id":1,"created_at":"2025-01-02T03:36:13.000000Z","updated_at":"2025-01-02T03:36:13.000000Z","banner_image":"training_classes\/umtSeDaTqib8K5lj9kain2irkgd8Q90yk9NILNWR.png"},{"id":10,"name":"5P","instructor_id":27,"description":"Sustainable business model balancing People, Planet, Profit, Process, and Purpose.","training_stage_id":1,"created_at":"2025-02-02T03:36:33.000000Z","updated_at":"2025-01-02T03:37:43.000000Z","banner_image":"training_classes\/fqIcj04Js6vlFNEhyoYSasSrywgE4OzH2lHyuOlq.png"},{"id":11,"name":"Kaizen","instructor_id":28,"description":"Continuous improvement philosophy focused on small, incremental changes.","training_stage_id":1,"created_at":"2025-02-02T03:36:51.000000Z","updated_at":"2025-01-02T03:37:55.000000Z","banner_image":"training_classes\/GP7VRvG7dLg7Hq9zCZvx38gS86PuEY0Rb7pvNR6h.png"},{"id":12,"name":"Carbon Neutral","instructor_id":28,"description":"Achieving net-zero carbon emissions through reduction and offsetting efforts.","training_stage_id":1,"created_at":"2025-02-02T03:38:18.000000Z","updated_at":"2025-01-02T03:38:18.000000Z","banner_image":"training_classes\/6adXUko9t8qNXQVIi1t61pjwWHyBhQkWULrm8afo.png"},{"id":13,"name":"PKB","instructor_id":27,"description":"Collective Labor Agreement defining terms of employment and working conditions.","training_stage_id":1,"created_at":"2025-02-02T03:38:40.000000Z","updated_at":"2025-01-02T03:38:40.000000Z","banner_image":"training_classes\/Odp4Duf8roHVJvlpqBnm0Dg7y85LPFmPbhEXWqS1.png"},{"id":15,"name":"test","instructor_id":24,"description":"tst","training_stage_id":1,"created_at":"2025-02-02T03:38:40.000000Z","updated_at":"2025-01-30T14:17:41.000000Z","banner_image":null}]  
[2025-02-20 20:56:33] local.ERROR: View [pages.error.404] not found. {"userId":7,"exception":"[object] (InvalidArgumentException(code: 0): View [pages.error.404] not found. at C:\\dev\\php\\lmsforkp\\vendor\\laravel\\framework\\src\\Illuminate\\View\\FileViewFinder.php:137)
[stacktrace]
#0 C:\\dev\\php\\lmsforkp\\vendor\\laravel\\framework\\src\\Illuminate\\View\\FileViewFinder.php(79): Illuminate\\View\\FileViewFinder->findInPaths('pages.error.404', Array)
#1 C:\\dev\\php\\lmsforkp\\vendor\\laravel\\framework\\src\\Illuminate\\View\\Factory.php(137): Illuminate\\View\\FileViewFinder->find('pages.error.404')
#2 C:\\dev\\php\\lmsforkp\\vendor\\laravel\\framework\\src\\Illuminate\\Support\\Facades\\Facade.php(338): Illuminate\\View\\Factory->make('pages.error.404')
#3 C:\\dev\\php\\lmsforkp\\routes\\web.php(261): Illuminate\\Support\\Facades\\Facade::__callStatic('make', Array)
#4 C:\\dev\\php\\lmsforkp\\vendor\\laravel\\framework\\src\\Illuminate\\Routing\\CallableDispatcher.php(40): Illuminate\\Routing\\RouteFileRegistrar->{closure}('default-image.j...')
#5 C:\\dev\\php\\lmsforkp\\vendor\\laravel\\framework\\src\\Illuminate\\Routing\\Route.php(237): Illuminate\\Routing\\CallableDispatcher->dispatch(Object(Illuminate\\Routing\\Route), Object(Closure))
#6 C:\\dev\\php\\lmsforkp\\vendor\\laravel\\framework\\src\\Illuminate\\Routing\\Route.php(208): Illuminate\\Routing\\Route->runCallable()
#7 C:\\dev\\php\\lmsforkp\\vendor\\laravel\\framework\\src\\Illuminate\\Routing\\Router.php(798): Illuminate\\Routing\\Route->run()
#8 C:\\dev\\php\\lmsforkp\\vendor\\laravel\\framework\\src\\Illuminate\\Pipeline\\Pipeline.php(141): Illuminate\\Routing\\Router->Illuminate\\Routing\\{closure}(Object(Illuminate\\Http\\Request))
#9 C:\\dev\\php\\lmsforkp\\vendor\\laravel\\framework\\src\\Illuminate\\Routing\\Middleware\\SubstituteBindings.php(50): Illuminate\\Pipeline\\Pipeline->Illuminate\\Pipeline\\{closure}(Object(Illuminate\\Http\\Request))
#10 C:\\dev\\php\\lmsforkp\\vendor\\laravel\\framework\\src\\Illuminate\\Pipeline\\Pipeline.php(180): Illuminate\\Routing\\Middleware\\SubstituteBindings->handle(Object(Illuminate\\Http\\Request), Object(Closure))
#11 C:\\dev\\php\\lmsforkp\\vendor\\laravel\\framework\\src\\Illuminate\\Foundation\\Http\\Middleware\\VerifyCsrfToken.php(78): Illuminate\\Pipeline\\Pipeline->Illuminate\\Pipeline\\{closure}(Object(Illuminate\\Http\\Request))
#12 C:\\dev\\php\\lmsforkp\\vendor\\laravel\\framework\\src\\Illuminate\\Pipeline\\Pipeline.php(180): Illuminate\\Foundation\\Http\\Middleware\\VerifyCsrfToken->handle(Object(Illuminate\\Http\\Request), Object(Closure))
#13 C:\\dev\\php\\lmsforkp\\vendor\\laravel\\framework\\src\\Illuminate\\View\\Middleware\\ShareErrorsFromSession.php(49): Illuminate\\Pipeline\\Pipeline->Illuminate\\Pipeline\\{closure}(Object(Illuminate\\Http\\Request))
#14 C:\\dev\\php\\lmsforkp\\vendor\\laravel\\framework\\src\\Illuminate\\Pipeline\\Pipeline.php(180): Illuminate\\View\\Middleware\\ShareErrorsFromSession->handle(Object(Illuminate\\Http\\Request), Object(Closure))
#15 C:\\dev\\php\\lmsforkp\\vendor\\laravel\\framework\\src\\Illuminate\\Session\\Middleware\\StartSession.php(121): Illuminate\\Pipeline\\Pipeline->Illuminate\\Pipeline\\{closure}(Object(Illuminate\\Http\\Request))
#16 C:\\dev\\php\\lmsforkp\\vendor\\laravel\\framework\\src\\Illuminate\\Session\\Middleware\\StartSession.php(64): Illuminate\\Session\\Middleware\\StartSession->handleStatefulRequest(Object(Illuminate\\Http\\Request), Object(Illuminate\\Session\\Store), Object(Closure))
#17 C:\\dev\\php\\lmsforkp\\vendor\\laravel\\framework\\src\\Illuminate\\Pipeline\\Pipeline.php(180): Illuminate\\Session\\Middleware\\StartSession->handle(Object(Illuminate\\Http\\Request), Object(Closure))
#18 C:\\dev\\php\\lmsforkp\\vendor\\laravel\\framework\\src\\Illuminate\\Cookie\\Middleware\\AddQueuedCookiesToResponse.php(37): Illuminate\\Pipeline\\Pipeline->Illuminate\\Pipeline\\{closure}(Object(Illuminate\\Http\\Request))
#19 C:\\dev\\php\\lmsforkp\\vendor\\laravel\\framework\\src\\Illuminate\\Pipeline\\Pipeline.php(180): Illuminate\\Cookie\\Middleware\\AddQueuedCookiesToResponse->handle(Object(Illuminate\\Http\\Request), Object(Closure))
#20 C:\\dev\\php\\lmsforkp\\vendor\\laravel\\framework\\src\\Illuminate\\Cookie\\Middleware\\EncryptCookies.php(67): Illuminate\\Pipeline\\Pipeline->Illuminate\\Pipeline\\{closure}(Object(Illuminate\\Http\\Request))
#21 C:\\dev\\php\\lmsforkp\\vendor\\laravel\\framework\\src\\Illuminate\\Pipeline\\Pipeline.php(180): Illuminate\\Cookie\\Middleware\\EncryptCookies->handle(Object(Illuminate\\Http\\Request), Object(Closure))
#22 C:\\dev\\php\\lmsforkp\\vendor\\laravel\\framework\\src\\Illuminate\\Pipeline\\Pipeline.php(116): Illuminate\\Pipeline\\Pipeline->Illuminate\\Pipeline\\{closure}(Object(Illuminate\\Http\\Request))
#23 C:\\dev\\php\\lmsforkp\\vendor\\laravel\\framework\\src\\Illuminate\\Routing\\Router.php(797): Illuminate\\Pipeline\\Pipeline->then(Object(Closure))
#24 C:\\dev\\php\\lmsforkp\\vendor\\laravel\\framework\\src\\Illuminate\\Routing\\Router.php(776): Illuminate\\Routing\\Router->runRouteWithinStack(Object(Illuminate\\Routing\\Route), Object(Illuminate\\Http\\Request))
#25 C:\\dev\\php\\lmsforkp\\vendor\\laravel\\framework\\src\\Illuminate\\Routing\\Router.php(740): Illuminate\\Routing\\Router->runRoute(Object(Illuminate\\Http\\Request), Object(Illuminate\\Routing\\Route))
#26 C:\\dev\\php\\lmsforkp\\vendor\\laravel\\framework\\src\\Illuminate\\Routing\\Router.php(729): Illuminate\\Routing\\Router->dispatchToRoute(Object(Illuminate\\Http\\Request))
#27 C:\\dev\\php\\lmsforkp\\vendor\\laravel\\framework\\src\\Illuminate\\Foundation\\Http\\Kernel.php(190): Illuminate\\Routing\\Router->dispatch(Object(Illuminate\\Http\\Request))
#28 C:\\dev\\php\\lmsforkp\\vendor\\laravel\\framework\\src\\Illuminate\\Pipeline\\Pipeline.php(141): Illuminate\\Foundation\\Http\\Kernel->Illuminate\\Foundation\\Http\\{closure}(Object(Illuminate\\Http\\Request))
#29 C:\\dev\\php\\lmsforkp\\vendor\\laravel\\framework\\src\\Illuminate\\Foundation\\Http\\Middleware\\TransformsRequest.php(21): Illuminate\\Pipeline\\Pipeline->Illuminate\\Pipeline\\{closure}(Object(Illuminate\\Http\\Request))
#30 C:\\dev\\php\\lmsforkp\\vendor\\laravel\\framework\\src\\Illuminate\\Foundation\\Http\\Middleware\\ConvertEmptyStringsToNull.php(31): Illuminate\\Foundation\\Http\\Middleware\\TransformsRequest->handle(Object(Illuminate\\Http\\Request), Object(Closure))
#31 C:\\dev\\php\\lmsforkp\\vendor\\laravel\\framework\\src\\Illuminate\\Pipeline\\Pipeline.php(180): Illuminate\\Foundation\\Http\\Middleware\\ConvertEmptyStringsToNull->handle(Object(Illuminate\\Http\\Request), Object(Closure))
#32 C:\\dev\\php\\lmsforkp\\vendor\\laravel\\framework\\src\\Illuminate\\Foundation\\Http\\Middleware\\TransformsRequest.php(21): Illuminate\\Pipeline\\Pipeline->Illuminate\\Pipeline\\{closure}(Object(Illuminate\\Http\\Request))
#33 C:\\dev\\php\\lmsforkp\\vendor\\laravel\\framework\\src\\Illuminate\\Foundation\\Http\\Middleware\\TrimStrings.php(40): Illuminate\\Foundation\\Http\\Middleware\\TransformsRequest->handle(Object(Illuminate\\Http\\Request), Object(Closure))
#34 C:\\dev\\php\\lmsforkp\\vendor\\laravel\\framework\\src\\Illuminate\\Pipeline\\Pipeline.php(180): Illuminate\\Foundation\\Http\\Middleware\\TrimStrings->handle(Object(Illuminate\\Http\\Request), Object(Closure))
#35 C:\\dev\\php\\lmsforkp\\vendor\\laravel\\framework\\src\\Illuminate\\Foundation\\Http\\Middleware\\ValidatePostSize.php(27): Illuminate\\Pipeline\\Pipeline->Illuminate\\Pipeline\\{closure}(Object(Illuminate\\Http\\Request))
#36 C:\\dev\\php\\lmsforkp\\vendor\\laravel\\framework\\src\\Illuminate\\Pipeline\\Pipeline.php(180): Illuminate\\Foundation\\Http\\Middleware\\ValidatePostSize->handle(Object(Illuminate\\Http\\Request), Object(Closure))
#37 C:\\dev\\php\\lmsforkp\\vendor\\laravel\\framework\\src\\Illuminate\\Foundation\\Http\\Middleware\\PreventRequestsDuringMaintenance.php(86): Illuminate\\Pipeline\\Pipeline->Illuminate\\Pipeline\\{closure}(Object(Illuminate\\Http\\Request))
#38 C:\\dev\\php\\lmsforkp\\vendor\\laravel\\framework\\src\\Illuminate\\Pipeline\\Pipeline.php(180): Illuminate\\Foundation\\Http\\Middleware\\PreventRequestsDuringMaintenance->handle(Object(Illuminate\\Http\\Request), Object(Closure))
#39 C:\\dev\\php\\lmsforkp\\vendor\\laravel\\framework\\src\\Illuminate\\Http\\Middleware\\TrustProxies.php(39): Illuminate\\Pipeline\\Pipeline->Illuminate\\Pipeline\\{closure}(Object(Illuminate\\Http\\Request))
#40 C:\\dev\\php\\lmsforkp\\vendor\\laravel\\framework\\src\\Illuminate\\Pipeline\\Pipeline.php(180): Illuminate\\Http\\Middleware\\TrustProxies->handle(Object(Illuminate\\Http\\Request), Object(Closure))
#41 C:\\dev\\php\\lmsforkp\\vendor\\laravel\\framework\\src\\Illuminate\\Pipeline\\Pipeline.php(116): Illuminate\\Pipeline\\Pipeline->Illuminate\\Pipeline\\{closure}(Object(Illuminate\\Http\\Request))
#42 C:\\dev\\php\\lmsforkp\\vendor\\laravel\\framework\\src\\Illuminate\\Foundation\\Http\\Kernel.php(165): Illuminate\\Pipeline\\Pipeline->then(Object(Closure))
#43 C:\\dev\\php\\lmsforkp\\vendor\\laravel\\framework\\src\\Illuminate\\Foundation\\Http\\Kernel.php(134): Illuminate\\Foundation\\Http\\Kernel->sendRequestThroughRouter(Object(Illuminate\\Http\\Request))
#44 C:\\dev\\php\\lmsforkp\\public\\index.php(54): Illuminate\\Foundation\\Http\\Kernel->handle(Object(Illuminate\\Http\\Request))
#45 C:\\dev\\php\\lmsforkp\\server.php(21): require_once('C:\\\\dev\\\\php\\\\lmsf...')
#46 {main}
"} 
